{
  "stats": {
    "suites": 1,
    "tests": 3,
    "passes": 3,
    "pending": 0,
    "failures": 0,
    "start": "2023-06-28T09:47:17.177Z",
    "end": "2023-06-28T09:47:32.344Z",
    "duration": 15167,
    "testsRegistered": 3,
    "passPercent": 100,
    "pendingPercent": 0,
    "other": 0,
    "hasOther": false,
    "skipped": 0,
    "hasSkipped": false
  },
  "results": [
    {
      "uuid": "a982c0c0-7fbf-46a0-bfe5-ae602f12eb18",
      "title": "",
      "fullFile": "cypress\\e2e\\live.cy.ts",
      "file": "cypress\\e2e\\live.cy.ts",
      "beforeHooks": [],
      "afterHooks": [],
      "tests": [],
      "suites": [
        {
          "uuid": "a90988e7-1d64-4e08-97cb-a8a1e1310f3e",
          "title": "Live",
          "fullFile": "",
          "file": "",
          "beforeHooks": [],
          "afterHooks": [],
          "tests": [
            {
              "title": "should display a pending live race",
              "fullTitle": "Live should display a pending live race",
              "timedOut": null,
              "duration": 3807,
              "state": "passed",
              "speed": "fast",
              "pass": true,
              "fail": false,
              "pending": false,
              "context": null,
              "code": "storeUserInLocalStorage();\nconst { wsOptions } = buildFakeWS();\ncy.visit('/races', wsOptions);\ncy.wait('@getRaces');\ncy.wait(1000);\n// go to bet page for the first race\ncy.get('.btn-primary').first().click();\ncy.wait('@getRace');\ncy.wait(1000);\n// bet on first pony\ncy.get('img').first().click();\ncy.wait('@betRace');\n// emulate a pending race\ncy.intercept('GET', 'api/races/12', {\n    ...race,\n    betPonyId: 2,\n    status: 'PENDING'\n}).as('getPendingRace');\ncy.wait(1000);\n// go to live\ncy.get('.btn-primary').first().click();\ncy.location('pathname').should('eq', '/races/12/live');\ncy.wait('@getPendingRace');\n// race detail should be displayed\ncy.get('h1').should('contain', 'Paris');\ncy.get('div').should('contain', 'ago');\ncy.get('img').should('have.length', 5);\ncy.get('.selected').should('have.length', 1);",
              "err": {},
              "uuid": "ddb7e1a4-026e-4465-924a-8f80b0a41ee8",
              "parentUUID": "a90988e7-1d64-4e08-97cb-a8a1e1310f3e",
              "isHook": false,
              "skipped": false
            },
            {
              "title": "should display a running live race and boost a pony",
              "fullTitle": "Live should display a running live race and boost a pony",
              "timedOut": null,
              "duration": 6728,
              "state": "passed",
              "speed": "medium",
              "pass": true,
              "fail": false,
              "pending": false,
              "context": null,
              "code": "storeUserInLocalStorage();\nconst { fakeWS, wsOptions } = buildFakeWS();\ncy.visit('/races', wsOptions);\ncy.wait('@getRaces');\ncy.wait(1000);\n// go to bet page for the first race\ncy.get('.btn-primary').first().click();\ncy.wait('@getRace');\ncy.wait(1000);\n// bet on first pony\ncy.get('img').first().click();\ncy.wait('@betRace');\ncy.wait(1000);\n// emulate a running race\ncy.intercept('GET', 'api/races/12', {\n    ...race,\n    betPonyId: 2,\n    status: 'RUNNING'\n}).as('getRunningRace');\nlet angular;\ncy.window().then((win) => (angular = win.ng));\nlet document;\ncy.document().then(doc => (document = doc));\n// go to live\ncy.get('.btn-primary').first().click();\ncy.location('pathname').should('eq', '/races/12/live');\ncy.wait('@getRunningRace');\ncy.wait(1000);\n// WebSocket connection created\ncy.get('@ws')\n    .should('be.called')\n    .then(() => {\n    fakeWS.emulateRace({\n        ponies: [\n            { id: 1, name: 'Gentle Pie', color: 'YELLOW', position: 30 },\n            { id: 2, name: 'Big Soda', color: 'ORANGE', position: 80 },\n            { id: 3, name: 'Gentle Bottle', color: 'PURPLE', position: 70 },\n            { id: 4, name: 'Superb Whiskey', color: 'GREEN', position: 60 },\n            { id: 5, name: 'Fast Rainbow', color: 'BLUE', position: 30 }\n        ],\n        status: 'RUNNING'\n    });\n    // the component can be inside ng-component if it has no selector\n    const element = document.querySelector('pr-live') || document.querySelector('ng-component');\n    const liveComponent = angular.getComponent(element);\n    angular.applyChanges(liveComponent);\n});\n// running ponies should be displayed\ncy.get('h1').should('contain', 'Paris');\ncy.get('img').should('have.length', 5);\ncy.get('div.pony-wrapper').should('have.attr', 'style').and('include', 'margin-left: 25%;');\ncy.get('.selected')\n    .should('have.length', 1)\n    .then(() => {\n    fakeWS.emulateRace({\n        ponies: [\n            { id: 1, name: 'Gentle Pie', color: 'YELLOW', position: 50 },\n            { id: 2, name: 'Big Soda', color: 'ORANGE', position: 90 },\n            { id: 3, name: 'Gentle Bottle', color: 'PURPLE', position: 70 },\n            { id: 4, name: 'Superb Whiskey', color: 'GREEN', position: 65 },\n            { id: 5, name: 'Fast Rainbow', color: 'BLUE', position: 30 }\n        ],\n        status: 'RUNNING'\n    });\n    // the component can be inside ng-component if it has no selector\n    const element = document.querySelector('pr-live') || document.querySelector('ng-component');\n    const liveComponent = angular.getComponent(element);\n    angular.applyChanges(liveComponent);\n});\ncy.get('img').should('have.length', 5);\ncy.get('div.pony-wrapper')\n    .should('have.attr', 'style')\n    .and('include', 'margin-left: 45%;')\n    .then(() => {\n    fakeWS.emulateRace({\n        ponies: [\n            { id: 1, name: 'Gentle Pie', color: 'YELLOW', position: 60, boosted: true },\n            { id: 2, name: 'Big Soda', color: 'ORANGE', position: 90 },\n            { id: 3, name: 'Gentle Bottle', color: 'PURPLE', position: 70 },\n            { id: 4, name: 'Superb Whiskey', color: 'GREEN', position: 65 },\n            { id: 5, name: 'Fast Rainbow', color: 'BLUE', position: 30 }\n        ],\n        status: 'RUNNING'\n    });\n    // the component can be inside ng-component if it has no selector\n    const element = document.querySelector('pr-live') || document.querySelector('ng-component');\n    const liveComponent = angular.getComponent(element);\n    angular.applyChanges(liveComponent);\n});\n// boost the first pony\ncy.wait(1000);\ncy.get('img').first().click().click().click().click().click();\ncy.wait('@boostPony').its('request.body').should('contain', { ponyId: 1 });\ncy.get('img').should('have.attr', 'src').and('include', '-rainbow.gif');",
              "err": {},
              "uuid": "3969eb89-582d-4a64-b0bb-0598280c8bc2",
              "parentUUID": "a90988e7-1d64-4e08-97cb-a8a1e1310f3e",
              "isHook": false,
              "skipped": false
            },
            {
              "title": "should display a finished live race",
              "fullTitle": "Live should display a finished live race",
              "timedOut": null,
              "duration": 4590,
              "state": "passed",
              "speed": "fast",
              "pass": true,
              "fail": false,
              "pending": false,
              "context": null,
              "code": "storeUserInLocalStorage();\nconst { fakeWS, wsOptions } = buildFakeWS();\ncy.visit('/races', wsOptions);\ncy.wait('@getRaces');\ncy.wait(1000);\n// go to bet page for the first race\ncy.get('.btn-primary').first().click();\ncy.wait('@getRace');\ncy.wait(1000);\n// bet on first pony\ncy.get('img').first().click();\ncy.wait('@betRace');\ncy.wait(1000);\n// emulate a finished race\ncy.intercept('GET', 'api/races/12', {\n    ...race,\n    betPonyId: 2,\n    status: 'RUNNING'\n}).as('getRunningRace');\n// go to live\ncy.get('.btn-primary').first().click();\ncy.location('pathname').should('eq', '/races/12/live');\ncy.wait('@getRunningRace');\ncy.wait(1000);\nlet angular;\ncy.window().then((win) => (angular = win.ng));\nlet document;\ncy.document().then(doc => (document = doc));\n// WebSocket connection created\ncy.get('@ws')\n    .should('be.called')\n    // and emulate a finished race\n    .then(() => {\n    fakeWS.emulateRace({\n        ponies: [\n            { id: 1, name: 'Gentle Pie', color: 'YELLOW', position: 30 },\n            { id: 2, name: 'Big Soda', color: 'ORANGE', position: 100 },\n            { id: 3, name: 'Gentle Bottle', color: 'PURPLE', position: 70 },\n            { id: 4, name: 'Superb Whiskey', color: 'GREEN', position: 60 },\n            { id: 5, name: 'Fast Rainbow', color: 'BLUE', position: 30 }\n        ],\n        status: 'RUNNING'\n    });\n    fakeWS.emulateRace({\n        ponies: [\n            { id: 1, name: 'Gentle Pie', color: 'YELLOW', position: 30 },\n            { id: 2, name: 'Big Soda', color: 'ORANGE', position: 100 },\n            { id: 3, name: 'Gentle Bottle', color: 'PURPLE', position: 70 },\n            { id: 4, name: 'Superb Whiskey', color: 'GREEN', position: 60 },\n            { id: 5, name: 'Fast Rainbow', color: 'BLUE', position: 30 }\n        ],\n        status: 'FINISHED'\n    });\n    // the component can be inside ng-component if it has no selector\n    const element = document.querySelector('pr-live') || document.querySelector('ng-component');\n    const liveComponent = angular.getComponent(element);\n    angular.applyChanges(liveComponent);\n});\n// victorious pony should be displayed\ncy.get('h1').should('contain', 'Paris');\ncy.get('img').should('have.length', 1);\ncy.get('.selected').should('have.length', 1);\ncy.get('.alert.alert-success').should('have.text', 'You won your bet!');",
              "err": {},
              "uuid": "cdbdca9c-8f13-406a-b3ff-d0cfbf86a4d6",
              "parentUUID": "a90988e7-1d64-4e08-97cb-a8a1e1310f3e",
              "isHook": false,
              "skipped": false
            }
          ],
          "suites": [],
          "passes": [
            "ddb7e1a4-026e-4465-924a-8f80b0a41ee8",
            "3969eb89-582d-4a64-b0bb-0598280c8bc2",
            "cdbdca9c-8f13-406a-b3ff-d0cfbf86a4d6"
          ],
          "failures": [],
          "pending": [],
          "skipped": [],
          "duration": 15125,
          "root": false,
          "rootEmpty": false,
          "_timeout": 2000
        }
      ],
      "passes": [],
      "failures": [],
      "pending": [],
      "skipped": [],
      "duration": 0,
      "root": true,
      "rootEmpty": true,
      "_timeout": 2000
    }
  ],
  "meta": {
    "mocha": {
      "version": "7.0.1"
    },
    "mochawesome": {
      "options": {
        "quiet": false,
        "reportFilename": "mochawesome",
        "saveHtml": false,
        "saveJson": true,
        "consoleReporter": "spec",
        "useInlineDiffs": false,
        "code": true
      },
      "version": "7.1.3"
    },
    "marge": {
      "options": {
        "reportDir": "results/mochawesome",
        "overwrite": false,
        "html": false,
        "json": true
      },
      "version": "6.2.0"
    }
  }
}